{"/Users/mayankbahuguna/Documents/test/my-solid-project/src/index.jsx": {"path":"/Users/mayankbahuguna/Documents/test/my-solid-project/src/index.jsx","all":true,"statementMap":{"0":{"start":{"line":1,"column":0},"end":{"line":1,"column":38}},"2":{"start":{"line":3,"column":0},"end":{"line":3,"column":39}},"4":{"start":{"line":5,"column":0},"end":{"line":5,"column":45}},"6":{"start":{"line":7,"column":0},"end":{"line":7,"column":60}},"7":{"start":{"line":8,"column":0},"end":{"line":8,"column":18}},"8":{"start":{"line":9,"column":0},"end":{"line":9,"column":117}},"9":{"start":{"line":10,"column":0},"end":{"line":10,"column":4}},"10":{"start":{"line":11,"column":0},"end":{"line":11,"column":1}},"12":{"start":{"line":13,"column":0},"end":{"line":13,"column":33}}},"s":{"0":0,"2":0,"4":0,"6":0,"7":0,"8":0,"9":0,"10":0,"12":0},"branchMap":{"0":{"type":"branch","line":1,"loc":{"start":{"line":1,"column":367},"end":{"line":13,"column":33}},"locations":[{"start":{"line":1,"column":367},"end":{"line":13,"column":33}}]}},"b":{"0":[0]},"fnMap":{"0":{"name":"(empty-report)","decl":{"start":{"line":1,"column":367},"end":{"line":13,"column":33}},"loc":{"start":{"line":1,"column":367},"end":{"line":13,"column":33}},"line":1}},"f":{"0":0}}
,"/Users/mayankbahuguna/Documents/test/my-solid-project/src/todo-list.jsx": {"path":"/Users/mayankbahuguna/Documents/test/my-solid-project/src/todo-list.jsx","all":false,"statementMap":{"0":{"start":{"line":1,"column":0},"end":{"line":1,"column":40}},"1":{"start":{"line":2,"column":0},"end":{"line":2,"column":45}},"2":{"start":{"line":3,"column":0},"end":{"line":3,"column":26}},"4":{"start":{"line":5,"column":0},"end":{"line":5,"column":31}},"5":{"start":{"line":6,"column":0},"end":{"line":6,"column":12}},"6":{"start":{"line":7,"column":0},"end":{"line":7,"column":44}},"8":{"start":{"line":9,"column":0},"end":{"line":9,"column":29}},"9":{"start":{"line":10,"column":0},"end":{"line":10,"column":28}},"10":{"start":{"line":11,"column":0},"end":{"line":11,"column":27}},"11":{"start":{"line":12,"column":0},"end":{"line":12,"column":11}},"12":{"start":{"line":13,"column":0},"end":{"line":13,"column":23}},"13":{"start":{"line":14,"column":0},"end":{"line":14,"column":7}},"14":{"start":{"line":15,"column":0},"end":{"line":15,"column":4}},"16":{"start":{"line":17,"column":0},"end":{"line":17,"column":30}},"17":{"start":{"line":18,"column":0},"end":{"line":18,"column":60}},"18":{"start":{"line":19,"column":0},"end":{"line":19,"column":23}},"19":{"start":{"line":20,"column":0},"end":{"line":20,"column":46}},"20":{"start":{"line":21,"column":0},"end":{"line":21,"column":5}},"21":{"start":{"line":22,"column":0},"end":{"line":22,"column":4}},"24":{"start":{"line":25,"column":0},"end":{"line":25,"column":23}},"25":{"start":{"line":26,"column":0},"end":{"line":26,"column":9}},"26":{"start":{"line":27,"column":0},"end":{"line":27,"column":39}},"27":{"start":{"line":28,"column":0},"end":{"line":28,"column":61}},"28":{"start":{"line":29,"column":0},"end":{"line":29,"column":8}},"29":{"start":{"line":30,"column":0},"end":{"line":30,"column":55}},"30":{"start":{"line":31,"column":0},"end":{"line":31,"column":20}},"31":{"start":{"line":32,"column":0},"end":{"line":32,"column":25}},"32":{"start":{"line":33,"column":0},"end":{"line":33,"column":34}},"33":{"start":{"line":34,"column":0},"end":{"line":34,"column":10}},"34":{"start":{"line":35,"column":0},"end":{"line":35,"column":27}},"35":{"start":{"line":36,"column":0},"end":{"line":36,"column":21}},"36":{"start":{"line":37,"column":0},"end":{"line":37,"column":52}},"37":{"start":{"line":38,"column":0},"end":{"line":38,"column":5}},"38":{"start":{"line":39,"column":0},"end":{"line":39,"column":5}},"40":{"start":{"line":41,"column":0},"end":{"line":41,"column":10}},"43":{"start":{"line":44,"column":0},"end":{"line":44,"column":57}},"45":{"start":{"line":46,"column":0},"end":{"line":46,"column":26}},"46":{"start":{"line":47,"column":0},"end":{"line":47,"column":44}},"47":{"start":{"line":48,"column":0},"end":{"line":48,"column":33}},"48":{"start":{"line":49,"column":0},"end":{"line":49,"column":29}},"49":{"start":{"line":50,"column":0},"end":{"line":50,"column":12}},"55":{"start":{"line":56,"column":0},"end":{"line":56,"column":26}},"56":{"start":{"line":57,"column":0},"end":{"line":57,"column":22}},"57":{"start":{"line":58,"column":0},"end":{"line":58,"column":38}},"58":{"start":{"line":59,"column":0},"end":{"line":59,"column":20}},"62":{"start":{"line":63,"column":0},"end":{"line":63,"column":42}},"63":{"start":{"line":64,"column":0},"end":{"line":64,"column":49}},"67":{"start":{"line":68,"column":0},"end":{"line":68,"column":80}},"70":{"start":{"line":71,"column":0},"end":{"line":71,"column":24}},"74":{"start":{"line":75,"column":0},"end":{"line":75,"column":12}},"79":{"start":{"line":80,"column":0},"end":{"line":80,"column":2}}},"s":{"0":1,"1":1,"2":1,"4":1,"5":4,"6":4,"8":4,"9":2,"10":2,"11":2,"12":2,"13":2,"14":2,"16":4,"17":1,"18":1,"19":1,"20":1,"21":1,"24":4,"25":4,"26":4,"27":4,"28":4,"29":4,"30":5,"31":5,"32":5,"33":4,"34":4,"35":4,"36":3,"37":3,"38":4,"40":4,"43":4,"45":4,"46":2,"47":2,"48":2,"49":4,"55":4,"56":4,"57":7,"58":7,"62":7,"63":7,"67":7,"70":7,"74":4,"79":1},"branchMap":{"0":{"type":"branch","line":5,"loc":{"start":{"line":5,"column":24},"end":{"line":80,"column":1}},"locations":[{"start":{"line":5,"column":24},"end":{"line":80,"column":1}}]},"1":{"type":"branch","line":9,"loc":{"start":{"line":9,"column":19},"end":{"line":15,"column":4}},"locations":[{"start":{"line":9,"column":19},"end":{"line":15,"column":4}}]},"2":{"type":"branch","line":17,"loc":{"start":{"line":17,"column":22},"end":{"line":22,"column":4}},"locations":[{"start":{"line":17,"column":22},"end":{"line":22,"column":4}}]},"3":{"type":"branch","line":18,"loc":{"start":{"line":18,"column":35},"end":{"line":18,"column":58}},"locations":[{"start":{"line":18,"column":35},"end":{"line":18,"column":58}}]},"4":{"type":"branch","line":20,"loc":{"start":{"line":20,"column":36},"end":{"line":20,"column":44}},"locations":[{"start":{"line":20,"column":36},"end":{"line":20,"column":44}}]},"5":{"type":"branch","line":25,"loc":{"start":{"line":25,"column":10},"end":{"line":39,"column":3}},"locations":[{"start":{"line":25,"column":10},"end":{"line":39,"column":3}}]},"6":{"type":"branch","line":36,"loc":{"start":{"line":36,"column":4},"end":{"line":38,"column":5}},"locations":[{"start":{"line":36,"column":4},"end":{"line":38,"column":5}}]},"7":{"type":"branch","line":30,"loc":{"start":{"line":30,"column":44},"end":{"line":34,"column":8}},"locations":[{"start":{"line":30,"column":44},"end":{"line":34,"column":8}}]},"8":{"type":"branch","line":41,"loc":{"start":{"line":41,"column":2},"end":{"line":50,"column":12}},"locations":[{"start":{"line":41,"column":2},"end":{"line":50,"column":12}}]},"9":{"type":"branch","line":44,"loc":{"start":{"line":44,"column":53},"end":{"line":44,"column":57}},"locations":[{"start":{"line":44,"column":53},"end":{"line":44,"column":57}}]},"10":{"type":"branch","line":46,"loc":{"start":{"line":46,"column":19},"end":{"line":50,"column":11}},"locations":[{"start":{"line":46,"column":19},"end":{"line":50,"column":11}}]},"11":{"type":"branch","line":47,"loc":{"start":{"line":47,"column":37},"end":{"line":47,"column":44}},"locations":[{"start":{"line":47,"column":37},"end":{"line":47,"column":44}}]},"12":{"type":"branch","line":50,"loc":{"start":{"line":50,"column":11},"end":{"line":75,"column":12}},"locations":[{"start":{"line":50,"column":11},"end":{"line":75,"column":12}}]},"13":{"type":"branch","line":57,"loc":{"start":{"line":57,"column":12},"end":{"line":75,"column":11}},"locations":[{"start":{"line":57,"column":12},"end":{"line":75,"column":11}}]},"14":{"type":"branch","line":59,"loc":{"start":{"line":59,"column":12},"end":{"line":63,"column":42}},"locations":[{"start":{"line":59,"column":12},"end":{"line":63,"column":42}}]},"15":{"type":"branch","line":64,"loc":{"start":{"line":64,"column":28},"end":{"line":64,"column":48}},"locations":[{"start":{"line":64,"column":28},"end":{"line":64,"column":48}}]},"16":{"type":"branch","line":71,"loc":{"start":{"line":71,"column":23},"end":{"line":71,"column":24}},"locations":[{"start":{"line":71,"column":23},"end":{"line":71,"column":24}}]},"17":{"type":"branch","line":71,"loc":{"start":{"line":71,"column":23},"end":{"line":71,"column":24}},"locations":[{"start":{"line":71,"column":23},"end":{"line":71,"column":24}}]},"18":{"type":"branch","line":71,"loc":{"start":{"line":71,"column":23},"end":{"line":71,"column":24}},"locations":[{"start":{"line":71,"column":23},"end":{"line":71,"column":24}}]},"19":{"type":"branch","line":71,"loc":{"start":{"line":71,"column":23},"end":{"line":71,"column":24}},"locations":[{"start":{"line":71,"column":23},"end":{"line":71,"column":24}}]},"20":{"type":"branch","line":68,"loc":{"start":{"line":68,"column":79},"end":{"line":68,"column":80}},"locations":[{"start":{"line":68,"column":79},"end":{"line":68,"column":80}}]}},"b":{"0":[4],"1":[2],"2":[1],"3":[1],"4":[1],"5":[4],"6":[3],"7":[5],"8":[4],"9":[0],"10":[2],"11":[0],"12":[4],"13":[7],"14":[7],"15":[1],"16":[8],"17":[2],"18":[6],"19":[0],"20":[8]},"fnMap":{"0":{"name":"TodoList.location","decl":{"start":{"line":5,"column":24},"end":{"line":80,"column":1}},"loc":{"start":{"line":5,"column":24},"end":{"line":80,"column":1}},"line":5},"1":{"name":"addTodo","decl":{"start":{"line":9,"column":19},"end":{"line":15,"column":4}},"loc":{"start":{"line":9,"column":19},"end":{"line":15,"column":4}},"line":9},"2":{"name":"toggleTodo","decl":{"start":{"line":17,"column":22},"end":{"line":22,"column":4}},"loc":{"start":{"line":17,"column":22},"end":{"line":22,"column":4}},"line":17},"3":{"name":"_el$3.$$click","decl":{"start":{"line":46,"column":19},"end":{"line":50,"column":11}},"loc":{"start":{"line":46,"column":19},"end":{"line":50,"column":11}},"line":46},"4":{"name":"children","decl":{"start":{"line":57,"column":12},"end":{"line":75,"column":11}},"loc":{"start":{"line":57,"column":12},"end":{"line":75,"column":11}},"line":57}},"f":{"0":4,"1":2,"2":1,"3":2,"4":7}}
}
