{"/Users/mayankbahuguna/Documents/test/my-solid-project/src/add.js": {"path":"/Users/mayankbahuguna/Documents/test/my-solid-project/src/add.js","all":false,"statementMap":{"0":{"start":{"line":1,"column":0},"end":{"line":1,"column":27}},"1":{"start":{"line":2,"column":0},"end":{"line":2,"column":15}},"2":{"start":{"line":3,"column":0},"end":{"line":3,"column":1}},"4":{"start":{"line":5,"column":0},"end":{"line":5,"column":32}},"5":{"start":{"line":6,"column":0},"end":{"line":6,"column":15}},"6":{"start":{"line":7,"column":0},"end":{"line":7,"column":1}}},"s":{"0":1,"1":0,"2":0,"4":1,"5":0,"6":0},"branchMap":{},"b":{},"fnMap":{"0":{"name":"sum","decl":{"start":{"line":1,"column":7},"end":{"line":3,"column":1}},"loc":{"start":{"line":1,"column":7},"end":{"line":3,"column":1}},"line":1},"1":{"name":"multiply","decl":{"start":{"line":5,"column":7},"end":{"line":7,"column":1}},"loc":{"start":{"line":5,"column":7},"end":{"line":7,"column":1}},"line":5}},"f":{"0":0,"1":0}}
,"/Users/mayankbahuguna/Documents/test/my-solid-project/src/index.jsx": {"path":"/Users/mayankbahuguna/Documents/test/my-solid-project/src/index.jsx","all":true,"statementMap":{"0":{"start":{"line":1,"column":0},"end":{"line":1,"column":38}},"2":{"start":{"line":3,"column":0},"end":{"line":3,"column":39}},"4":{"start":{"line":5,"column":0},"end":{"line":5,"column":45}},"6":{"start":{"line":7,"column":0},"end":{"line":7,"column":60}},"7":{"start":{"line":8,"column":0},"end":{"line":8,"column":18}},"8":{"start":{"line":9,"column":0},"end":{"line":9,"column":117}},"9":{"start":{"line":10,"column":0},"end":{"line":10,"column":4}},"10":{"start":{"line":11,"column":0},"end":{"line":11,"column":1}},"12":{"start":{"line":13,"column":0},"end":{"line":13,"column":33}}},"s":{"0":0,"2":0,"4":0,"6":0,"7":0,"8":0,"9":0,"10":0,"12":0},"branchMap":{"0":{"type":"branch","line":1,"loc":{"start":{"line":1,"column":367},"end":{"line":13,"column":33}},"locations":[{"start":{"line":1,"column":367},"end":{"line":13,"column":33}}]}},"b":{"0":[0]},"fnMap":{"0":{"name":"(empty-report)","decl":{"start":{"line":1,"column":367},"end":{"line":13,"column":33}},"loc":{"start":{"line":1,"column":367},"end":{"line":13,"column":33}},"line":1}},"f":{"0":0}}
,"/Users/mayankbahuguna/Documents/test/my-solid-project/src/module.js": {"path":"/Users/mayankbahuguna/Documents/test/my-solid-project/src/module.js","all":false,"statementMap":{"0":{"start":{"line":1,"column":0},"end":{"line":1,"column":30}},"1":{"start":{"line":2,"column":0},"end":{"line":2,"column":15}},"2":{"start":{"line":3,"column":0},"end":{"line":3,"column":2}}},"s":{"0":1,"1":1,"2":1},"branchMap":{"0":{"type":"branch","line":1,"loc":{"start":{"line":1,"column":19},"end":{"line":3,"column":2}},"locations":[{"start":{"line":1,"column":19},"end":{"line":3,"column":2}}]}},"b":{"0":[1]},"fnMap":{"0":{"name":"add","decl":{"start":{"line":1,"column":19},"end":{"line":3,"column":2}},"loc":{"start":{"line":1,"column":19},"end":{"line":3,"column":2}},"line":1}},"f":{"0":1}}
,"/Users/mayankbahuguna/Documents/test/my-solid-project/src/obj.jsx": {"path":"/Users/mayankbahuguna/Documents/test/my-solid-project/src/obj.jsx","all":false,"statementMap":{"1":{"start":{"line":2,"column":0},"end":{"line":2,"column":26}},"2":{"start":{"line":3,"column":0},"end":{"line":3,"column":14}},"3":{"start":{"line":4,"column":0},"end":{"line":4,"column":17}},"4":{"start":{"line":5,"column":0},"end":{"line":5,"column":17}},"5":{"start":{"line":6,"column":0},"end":{"line":6,"column":16}},"6":{"start":{"line":7,"column":0},"end":{"line":7,"column":4}},"7":{"start":{"line":8,"column":0},"end":{"line":8,"column":31}},"8":{"start":{"line":9,"column":0},"end":{"line":9,"column":53}},"9":{"start":{"line":10,"column":0},"end":{"line":10,"column":18}},"10":{"start":{"line":11,"column":0},"end":{"line":11,"column":45}},"11":{"start":{"line":12,"column":0},"end":{"line":12,"column":5}},"12":{"start":{"line":13,"column":0},"end":{"line":13,"column":2}}},"s":{"1":1,"2":1,"3":1,"4":1,"5":0,"6":0,"7":1,"8":1,"9":1,"10":1,"11":1,"12":1},"branchMap":{},"b":{},"fnMap":{"0":{"name":"getName","decl":{"start":{"line":5,"column":2},"end":{"line":7,"column":4}},"loc":{"start":{"line":5,"column":2},"end":{"line":7,"column":4}},"line":5}},"f":{"0":0}}
,"/Users/mayankbahuguna/Documents/test/my-solid-project/src/todo-list.jsx": {"path":"/Users/mayankbahuguna/Documents/test/my-solid-project/src/todo-list.jsx","all":false,"statementMap":{"0":{"start":{"line":1,"column":0},"end":{"line":1,"column":75}},"1":{"start":{"line":2,"column":0},"end":{"line":2,"column":45}},"2":{"start":{"line":3,"column":0},"end":{"line":3,"column":31}},"3":{"start":{"line":4,"column":0},"end":{"line":4,"column":35}},"4":{"start":{"line":5,"column":0},"end":{"line":5,"column":74}},"5":{"start":{"line":6,"column":0},"end":{"line":6,"column":23}},"6":{"start":{"line":7,"column":0},"end":{"line":7,"column":2}},"8":{"start":{"line":9,"column":0},"end":{"line":9,"column":31}},"9":{"start":{"line":10,"column":0},"end":{"line":10,"column":12}},"10":{"start":{"line":11,"column":0},"end":{"line":11,"column":44}},"11":{"start":{"line":12,"column":0},"end":{"line":12,"column":44}},"13":{"start":{"line":14,"column":0},"end":{"line":14,"column":29}},"14":{"start":{"line":15,"column":0},"end":{"line":15,"column":28}},"15":{"start":{"line":16,"column":0},"end":{"line":16,"column":27}},"16":{"start":{"line":17,"column":0},"end":{"line":17,"column":11}},"17":{"start":{"line":18,"column":0},"end":{"line":18,"column":23}},"18":{"start":{"line":19,"column":0},"end":{"line":19,"column":7}},"19":{"start":{"line":20,"column":0},"end":{"line":20,"column":4}},"21":{"start":{"line":22,"column":0},"end":{"line":22,"column":30}},"22":{"start":{"line":23,"column":0},"end":{"line":23,"column":60}},"23":{"start":{"line":24,"column":0},"end":{"line":24,"column":23}},"24":{"start":{"line":25,"column":0},"end":{"line":25,"column":46}},"25":{"start":{"line":26,"column":0},"end":{"line":26,"column":5}},"26":{"start":{"line":27,"column":0},"end":{"line":27,"column":4}},"28":{"start":{"line":29,"column":0},"end":{"line":29,"column":51}},"31":{"start":{"line":32,"column":0},"end":{"line":32,"column":28}},"32":{"start":{"line":33,"column":0},"end":{"line":33,"column":9}},"33":{"start":{"line":34,"column":0},"end":{"line":34,"column":19}},"34":{"start":{"line":35,"column":0},"end":{"line":35,"column":50}},"35":{"start":{"line":36,"column":0},"end":{"line":36,"column":22}},"36":{"start":{"line":37,"column":0},"end":{"line":37,"column":27}},"37":{"start":{"line":38,"column":0},"end":{"line":38,"column":36}},"38":{"start":{"line":39,"column":0},"end":{"line":39,"column":12}},"39":{"start":{"line":40,"column":0},"end":{"line":40,"column":29}},"40":{"start":{"line":41,"column":0},"end":{"line":41,"column":7}},"41":{"start":{"line":42,"column":0},"end":{"line":42,"column":21}},"42":{"start":{"line":43,"column":0},"end":{"line":43,"column":52}},"43":{"start":{"line":44,"column":0},"end":{"line":44,"column":5}},"44":{"start":{"line":45,"column":0},"end":{"line":45,"column":5}},"46":{"start":{"line":47,"column":0},"end":{"line":47,"column":10}},"49":{"start":{"line":50,"column":0},"end":{"line":50,"column":57}},"51":{"start":{"line":52,"column":0},"end":{"line":52,"column":26}},"52":{"start":{"line":53,"column":0},"end":{"line":53,"column":44}},"53":{"start":{"line":54,"column":0},"end":{"line":54,"column":33}},"54":{"start":{"line":55,"column":0},"end":{"line":55,"column":29}},"55":{"start":{"line":56,"column":0},"end":{"line":56,"column":12}},"59":{"start":{"line":60,"column":0},"end":{"line":60,"column":75}},"62":{"start":{"line":63,"column":0},"end":{"line":63,"column":26}},"63":{"start":{"line":64,"column":0},"end":{"line":64,"column":22}},"64":{"start":{"line":65,"column":0},"end":{"line":65,"column":38}},"65":{"start":{"line":66,"column":0},"end":{"line":66,"column":20}},"69":{"start":{"line":70,"column":0},"end":{"line":70,"column":42}},"70":{"start":{"line":71,"column":0},"end":{"line":71,"column":49}},"74":{"start":{"line":75,"column":0},"end":{"line":75,"column":80}},"77":{"start":{"line":78,"column":0},"end":{"line":78,"column":24}},"81":{"start":{"line":82,"column":0},"end":{"line":82,"column":12}},"86":{"start":{"line":87,"column":0},"end":{"line":87,"column":2}}},"s":{"0":1,"1":1,"2":1,"3":1,"4":4,"5":1,"6":1,"8":1,"9":4,"10":4,"11":4,"13":4,"14":2,"15":2,"16":2,"17":2,"18":2,"19":2,"21":4,"22":1,"23":1,"24":1,"25":1,"26":1,"28":4,"31":4,"32":5,"33":5,"34":1,"35":5,"36":5,"37":5,"38":1,"39":1,"40":1,"41":5,"42":0,"43":0,"44":4,"46":4,"49":4,"51":4,"52":2,"53":2,"54":2,"55":4,"59":4,"62":4,"63":4,"64":7,"65":7,"69":7,"70":7,"74":7,"77":7,"81":4,"86":1},"branchMap":{"0":{"type":"branch","line":4,"loc":{"start":{"line":4,"column":19},"end":{"line":7,"column":2}},"locations":[{"start":{"line":4,"column":19},"end":{"line":7,"column":2}}]},"1":{"type":"branch","line":5,"loc":{"start":{"line":5,"column":72},"end":{"line":7,"column":2}},"locations":[{"start":{"line":5,"column":72},"end":{"line":7,"column":2}}]},"2":{"type":"branch","line":9,"loc":{"start":{"line":9,"column":24},"end":{"line":87,"column":1}},"locations":[{"start":{"line":9,"column":24},"end":{"line":87,"column":1}}]},"3":{"type":"branch","line":14,"loc":{"start":{"line":14,"column":19},"end":{"line":20,"column":4}},"locations":[{"start":{"line":14,"column":19},"end":{"line":20,"column":4}}]},"4":{"type":"branch","line":22,"loc":{"start":{"line":22,"column":22},"end":{"line":27,"column":4}},"locations":[{"start":{"line":22,"column":22},"end":{"line":27,"column":4}}]},"5":{"type":"branch","line":23,"loc":{"start":{"line":23,"column":35},"end":{"line":23,"column":58}},"locations":[{"start":{"line":23,"column":35},"end":{"line":23,"column":58}}]},"6":{"type":"branch","line":25,"loc":{"start":{"line":25,"column":36},"end":{"line":25,"column":44}},"locations":[{"start":{"line":25,"column":36},"end":{"line":25,"column":44}}]},"7":{"type":"branch","line":32,"loc":{"start":{"line":32,"column":15},"end":{"line":45,"column":3}},"locations":[{"start":{"line":32,"column":15},"end":{"line":45,"column":3}}]},"8":{"type":"branch","line":34,"loc":{"start":{"line":34,"column":18},"end":{"line":41,"column":7}},"locations":[{"start":{"line":34,"column":18},"end":{"line":41,"column":7}}]},"9":{"type":"branch","line":42,"loc":{"start":{"line":42,"column":4},"end":{"line":44,"column":5}},"locations":[{"start":{"line":42,"column":4},"end":{"line":44,"column":5}}]},"10":{"type":"branch","line":35,"loc":{"start":{"line":35,"column":39},"end":{"line":39,"column":10}},"locations":[{"start":{"line":35,"column":39},"end":{"line":39,"column":10}}]},"11":{"type":"branch","line":47,"loc":{"start":{"line":47,"column":2},"end":{"line":60,"column":75}},"locations":[{"start":{"line":47,"column":2},"end":{"line":60,"column":75}}]},"12":{"type":"branch","line":50,"loc":{"start":{"line":50,"column":53},"end":{"line":50,"column":57}},"locations":[{"start":{"line":50,"column":53},"end":{"line":50,"column":57}}]},"13":{"type":"branch","line":52,"loc":{"start":{"line":52,"column":19},"end":{"line":56,"column":11}},"locations":[{"start":{"line":52,"column":19},"end":{"line":56,"column":11}}]},"14":{"type":"branch","line":53,"loc":{"start":{"line":53,"column":37},"end":{"line":53,"column":44}},"locations":[{"start":{"line":53,"column":37},"end":{"line":53,"column":44}}]},"15":{"type":"branch","line":60,"loc":{"start":{"line":60,"column":54},"end":{"line":82,"column":12}},"locations":[{"start":{"line":60,"column":54},"end":{"line":82,"column":12}}]},"16":{"type":"branch","line":64,"loc":{"start":{"line":64,"column":12},"end":{"line":82,"column":11}},"locations":[{"start":{"line":64,"column":12},"end":{"line":82,"column":11}}]},"17":{"type":"branch","line":66,"loc":{"start":{"line":66,"column":12},"end":{"line":70,"column":42}},"locations":[{"start":{"line":66,"column":12},"end":{"line":70,"column":42}}]},"18":{"type":"branch","line":71,"loc":{"start":{"line":71,"column":28},"end":{"line":71,"column":48}},"locations":[{"start":{"line":71,"column":28},"end":{"line":71,"column":48}}]},"19":{"type":"branch","line":78,"loc":{"start":{"line":78,"column":23},"end":{"line":78,"column":24}},"locations":[{"start":{"line":78,"column":23},"end":{"line":78,"column":24}}]},"20":{"type":"branch","line":78,"loc":{"start":{"line":78,"column":23},"end":{"line":78,"column":24}},"locations":[{"start":{"line":78,"column":23},"end":{"line":78,"column":24}}]},"21":{"type":"branch","line":78,"loc":{"start":{"line":78,"column":23},"end":{"line":78,"column":24}},"locations":[{"start":{"line":78,"column":23},"end":{"line":78,"column":24}}]},"22":{"type":"branch","line":78,"loc":{"start":{"line":78,"column":23},"end":{"line":78,"column":24}},"locations":[{"start":{"line":78,"column":23},"end":{"line":78,"column":24}}]},"23":{"type":"branch","line":75,"loc":{"start":{"line":75,"column":79},"end":{"line":75,"column":80}},"locations":[{"start":{"line":75,"column":79},"end":{"line":75,"column":80}}]}},"b":{"0":[4],"1":[1],"2":[4],"3":[2],"4":[1],"5":[1],"6":[1],"7":[5],"8":[1],"9":[0],"10":[5],"11":[4],"12":[0],"13":[2],"14":[0],"15":[4],"16":[7],"17":[7],"18":[1],"19":[8],"20":[2],"21":[6],"22":[0],"23":[8]},"fnMap":{"0":{"name":"fetchTodos","decl":{"start":{"line":4,"column":19},"end":{"line":7,"column":2}},"loc":{"start":{"line":4,"column":19},"end":{"line":7,"column":2}},"line":4},"1":{"name":"TodoList.location","decl":{"start":{"line":9,"column":24},"end":{"line":87,"column":1}},"loc":{"start":{"line":9,"column":24},"end":{"line":87,"column":1}},"line":9},"2":{"name":"addTodo","decl":{"start":{"line":14,"column":19},"end":{"line":20,"column":4}},"loc":{"start":{"line":14,"column":19},"end":{"line":20,"column":4}},"line":14},"3":{"name":"toggleTodo","decl":{"start":{"line":22,"column":22},"end":{"line":27,"column":4}},"loc":{"start":{"line":22,"column":22},"end":{"line":27,"column":4}},"line":22},"4":{"name":"_el$3.$$click","decl":{"start":{"line":52,"column":19},"end":{"line":56,"column":11}},"loc":{"start":{"line":52,"column":19},"end":{"line":56,"column":11}},"line":52},"5":{"name":"_el$4.$$click","decl":{"start":{"line":60,"column":25},"end":{"line":60,"column":54}},"loc":{"start":{"line":60,"column":25},"end":{"line":60,"column":54}},"line":60},"6":{"name":"children","decl":{"start":{"line":64,"column":12},"end":{"line":82,"column":11}},"loc":{"start":{"line":64,"column":12},"end":{"line":82,"column":11}},"line":64}},"f":{"0":4,"1":4,"2":2,"3":1,"4":2,"5":0,"6":7}}
}
